app/build/intermediates/manifest_merge_blame_file/debug/processDebugMainManifest/manifest-merger-blame-debug-report.txt
1<?xml version="1.0" encoding="utf-8"?>
2<manifest xmlns:android="http://schemas.android.com/apk/res/android"
3    xmlns:tools="http://tools.android.com/tools"
4    package="com.teleflix.app"
5    android:versionCode="1"
6    android:versionName="1.0.0" >
7
8    <uses-sdk
9        android:minSdkVersion="21"
10        android:targetSdkVersion="35" />
11
12    <uses-permission android:name="android.permission.INTERNET" />
12-->src/main/AndroidManifest.xml:5:5-67
12-->src/main/AndroidManifest.xml:5:22-64
13    <uses-permission android:name="android.permission.ACCESS_NETWORK_STATE" />
13-->src/main/AndroidManifest.xml:6:5-79
13-->src/main/AndroidManifest.xml:6:22-76
14    <uses-permission
14-->src/main/AndroidManifest.xml:7:5-107
15        android:name="android.permission.READ_EXTERNAL_STORAGE"
15-->src/main/AndroidManifest.xml:7:22-77
16        android:maxSdkVersion="32" />
16-->src/main/AndroidManifest.xml:7:78-104
17    <uses-permission
17-->src/main/AndroidManifest.xml:8:5-137
18        android:name="android.permission.WRITE_EXTERNAL_STORAGE"
18-->src/main/AndroidManifest.xml:8:22-78
19        android:maxSdkVersion="28"
19-->src/main/AndroidManifest.xml:8:79-105
20        tools:ignore="ScopedStorage" />
20-->src/main/AndroidManifest.xml:8:106-134
21    <uses-permission
21-->src/main/AndroidManifest.xml:9:5-111
22        android:name="android.permission.MANAGE_EXTERNAL_STORAGE"
22-->src/main/AndroidManifest.xml:9:22-79
23        tools:ignore="ScopedStorage" />
23-->src/main/AndroidManifest.xml:9:80-108
24
25    <permission
25-->[androidx.core:core:1.15.0] AndroidManifest.xml:22:5-24:47
26        android:name="com.teleflix.app.DYNAMIC_RECEIVER_NOT_EXPORTED_PERMISSION"
26-->[androidx.core:core:1.15.0] AndroidManifest.xml:23:9-81
27        android:protectionLevel="signature" />
27-->[androidx.core:core:1.15.0] AndroidManifest.xml:24:9-44
28
29    <uses-permission android:name="com.teleflix.app.DYNAMIC_RECEIVER_NOT_EXPORTED_PERMISSION" />
29-->[androidx.core:core:1.15.0] AndroidManifest.xml:26:5-97
29-->[androidx.core:core:1.15.0] AndroidManifest.xml:26:22-94
30
31    <application
31-->src/main/AndroidManifest.xml:11:5-41:19
32        android:allowBackup="true"
32-->src/main/AndroidManifest.xml:12:9-35
33        android:appComponentFactory="androidx.core.app.CoreComponentFactory"
33-->[androidx.core:core:1.15.0] AndroidManifest.xml:28:18-86
34        android:debuggable="true"
35        android:extractNativeLibs="true"
36        android:icon="@drawable/ic_launcher"
36-->src/main/AndroidManifest.xml:13:9-45
37        android:label="Teleflix Streamer"
37-->src/main/AndroidManifest.xml:14:9-42
38        android:roundIcon="@drawable/ic_launcher"
38-->src/main/AndroidManifest.xml:15:9-50
39        android:supportsRtl="true"
39-->src/main/AndroidManifest.xml:16:9-35
40        android:theme="@style/Theme.Teleflix"
40-->src/main/AndroidManifest.xml:17:9-46
41        android:usesCleartextTraffic="true" >
41-->src/main/AndroidManifest.xml:18:9-44
42        <activity
42-->src/main/AndroidManifest.xml:20:9-28:20
43            android:name="com.teleflix.app.MainActivity"
43-->src/main/AndroidManifest.xml:21:13-57
44            android:exported="true"
44-->src/main/AndroidManifest.xml:22:13-36
45            android:theme="@style/Theme.Teleflix" >
45-->src/main/AndroidManifest.xml:23:13-50
46            <intent-filter>
46-->src/main/AndroidManifest.xml:24:13-27:29
47                <action android:name="android.intent.action.MAIN" />
47-->src/main/AndroidManifest.xml:25:17-69
47-->src/main/AndroidManifest.xml:25:25-66
48
49                <category android:name="android.intent.category.LAUNCHER" />
49-->src/main/AndroidManifest.xml:26:17-77
49-->src/main/AndroidManifest.xml:26:27-74
50            </intent-filter>
51        </activity>
52        <activity
52-->src/main/AndroidManifest.xml:30:9-34:64
53            android:name="com.teleflix.app.PlayerActivity"
53-->src/main/AndroidManifest.xml:31:13-59
54            android:configChanges="orientation|screenSize|screenLayout|keyboardHidden"
54-->src/main/AndroidManifest.xml:32:13-87
55            android:exported="false"
55-->src/main/AndroidManifest.xml:33:13-37
56            android:theme="@style/Theme.Teleflix.Fullscreen" />
56-->src/main/AndroidManifest.xml:34:13-61
57        <activity
57-->src/main/AndroidManifest.xml:36:9-39:53
58            android:name="com.teleflix.app.SettingsActivity"
58-->src/main/AndroidManifest.xml:37:13-61
59            android:exported="false"
59-->src/main/AndroidManifest.xml:38:13-37
60            android:theme="@style/Theme.Teleflix" />
60-->src/main/AndroidManifest.xml:39:13-50
61
62        <provider
62-->[androidx.emoji2:emoji2:1.3.0] AndroidManifest.xml:24:9-32:20
63            android:name="androidx.startup.InitializationProvider"
63-->[androidx.emoji2:emoji2:1.3.0] AndroidManifest.xml:25:13-67
64            android:authorities="com.teleflix.app.androidx-startup"
64-->[androidx.emoji2:emoji2:1.3.0] AndroidManifest.xml:26:13-68
65            android:exported="false" >
65-->[androidx.emoji2:emoji2:1.3.0] AndroidManifest.xml:27:13-37
66            <meta-data
66-->[androidx.emoji2:emoji2:1.3.0] AndroidManifest.xml:29:13-31:52
67                android:name="androidx.emoji2.text.EmojiCompatInitializer"
67-->[androidx.emoji2:emoji2:1.3.0] AndroidManifest.xml:30:17-75
68                android:value="androidx.startup" />
68-->[androidx.emoji2:emoji2:1.3.0] AndroidManifest.xml:31:17-49
69            <meta-data
69-->[androidx.lifecycle:lifecycle-process:2.6.2] AndroidManifest.xml:29:13-31:52
70                android:name="androidx.lifecycle.ProcessLifecycleInitializer"
70-->[androidx.lifecycle:lifecycle-process:2.6.2] AndroidManifest.xml:30:17-78
71                android:value="androidx.startup" />
71-->[androidx.lifecycle:lifecycle-process:2.6.2] AndroidManifest.xml:31:17-49
72            <meta-data
72-->[androidx.profileinstaller:profileinstaller:1.4.0] AndroidManifest.xml:29:13-31:52
73                android:name="androidx.profileinstaller.ProfileInstallerInitializer"
73-->[androidx.profileinstaller:profileinstaller:1.4.0] AndroidManifest.xml:30:17-85
74                android:value="androidx.startup" />
74-->[androidx.profileinstaller:profileinstaller:1.4.0] AndroidManifest.xml:31:17-49
75        </provider>
76
77        <receiver
77-->[androidx.profileinstaller:profileinstaller:1.4.0] AndroidManifest.xml:34:9-52:20
78            android:name="androidx.profileinstaller.ProfileInstallReceiver"
78-->[androidx.profileinstaller:profileinstaller:1.4.0] AndroidManifest.xml:35:13-76
79            android:directBootAware="false"
79-->[androidx.profileinstaller:profileinstaller:1.4.0] AndroidManifest.xml:36:13-44
80            android:enabled="true"
80-->[androidx.profileinstaller:profileinstaller:1.4.0] AndroidManifest.xml:37:13-35
81            android:exported="true"
81-->[androidx.profileinstaller:profileinstaller:1.4.0] AndroidManifest.xml:38:13-36
82            android:permission="android.permission.DUMP" >
82-->[androidx.profileinstaller:profileinstaller:1.4.0] AndroidManifest.xml:39:13-57
83            <intent-filter>
83-->[androidx.profileinstaller:profileinstaller:1.4.0] AndroidManifest.xml:40:13-42:29
84                <action android:name="androidx.profileinstaller.action.INSTALL_PROFILE" />
84-->[androidx.profileinstaller:profileinstaller:1.4.0] AndroidManifest.xml:41:17-91
84-->[androidx.profileinstaller:profileinstaller:1.4.0] AndroidManifest.xml:41:25-88
85            </intent-filter>
86            <intent-filter>
86-->[androidx.profileinstaller:profileinstaller:1.4.0] AndroidManifest.xml:43:13-45:29
87                <action android:name="androidx.profileinstaller.action.SKIP_FILE" />
87-->[androidx.profileinstaller:profileinstaller:1.4.0] AndroidManifest.xml:44:17-85
87-->[androidx.profileinstaller:profileinstaller:1.4.0] AndroidManifest.xml:44:25-82
88            </intent-filter>
89            <intent-filter>
89-->[androidx.profileinstaller:profileinstaller:1.4.0] AndroidManifest.xml:46:13-48:29
90                <action android:name="androidx.profileinstaller.action.SAVE_PROFILE" />
90-->[androidx.profileinstaller:profileinstaller:1.4.0] AndroidManifest.xml:47:17-88
90-->[androidx.profileinstaller:profileinstaller:1.4.0] AndroidManifest.xml:47:25-85
91            </intent-filter>
92            <intent-filter>
92-->[androidx.profileinstaller:profileinstaller:1.4.0] AndroidManifest.xml:49:13-51:29
93                <action android:name="androidx.profileinstaller.action.BENCHMARK_OPERATION" />
93-->[androidx.profileinstaller:profileinstaller:1.4.0] AndroidManifest.xml:50:17-95
93-->[androidx.profileinstaller:profileinstaller:1.4.0] AndroidManifest.xml:50:25-92
94            </intent-filter>
95        </receiver>
96    </application>
97
98</manifest>